"C:\Program Files\Java\jdk-11.0.8\bin\java.exe" "-javaagent:C:\Program Files\JetBrains\IntelliJ IDEA Community Edition 2020.2\lib\idea_rt.jar=55412:C:\Program Files\JetBrains\IntelliJ IDEA Community Edition 2020.2\bin" -Dfile.encoding=UTF-8 -classpath C:\_Study\Projects\GeekBrains\Spring\HibernateTraining\target\classes;C:\Users\r-ru\.m2\repository\org\hibernate\hibernate-core\5.4.4.Final\hibernate-core-5.4.4.Final.jar;C:\Users\r-ru\.m2\repository\org\jboss\logging\jboss-logging\3.3.2.Final\jboss-logging-3.3.2.Final.jar;C:\Users\r-ru\.m2\repository\javax\persistence\javax.persistence-api\2.2\javax.persistence-api-2.2.jar;C:\Users\r-ru\.m2\repository\org\javassist\javassist\3.24.0-GA\javassist-3.24.0-GA.jar;C:\Users\r-ru\.m2\repository\net\bytebuddy\byte-buddy\1.9.11\byte-buddy-1.9.11.jar;C:\Users\r-ru\.m2\repository\antlr\antlr\2.7.7\antlr-2.7.7.jar;C:\Users\r-ru\.m2\repository\org\jboss\spec\javax\transaction\jboss-transaction-api_1.2_spec\1.1.1.Final\jboss-transaction-api_1.2_spec-1.1.1.Final.jar;C:\Users\r-ru\.m2\repository\org\jboss\jandex\2.0.5.Final\jandex-2.0.5.Final.jar;C:\Users\r-ru\.m2\repository\com\fasterxml\classmate\1.3.4\classmate-1.3.4.jar;C:\Users\r-ru\.m2\repository\javax\activation\javax.activation-api\1.2.0\javax.activation-api-1.2.0.jar;C:\Users\r-ru\.m2\repository\org\dom4j\dom4j\2.1.1\dom4j-2.1.1.jar;C:\Users\r-ru\.m2\repository\org\hibernate\common\hibernate-commons-annotations\5.1.0.Final\hibernate-commons-annotations-5.1.0.Final.jar;C:\Users\r-ru\.m2\repository\javax\xml\bind\jaxb-api\2.3.1\jaxb-api-2.3.1.jar;C:\Users\r-ru\.m2\repository\org\glassfish\jaxb\jaxb-runtime\2.3.1\jaxb-runtime-2.3.1.jar;C:\Users\r-ru\.m2\repository\org\glassfish\jaxb\txw2\2.3.1\txw2-2.3.1.jar;C:\Users\r-ru\.m2\repository\com\sun\istack\istack-commons-runtime\3.0.7\istack-commons-runtime-3.0.7.jar;C:\Users\r-ru\.m2\repository\org\jvnet\staxex\stax-ex\1.8\stax-ex-1.8.jar;C:\Users\r-ru\.m2\repository\com\sun\xml\fastinfoset\FastInfoset\1.2.15\FastInfoset-1.2.15.jar;C:\Users\r-ru\.m2\repository\org\postgresql\postgresql\42.2.5\postgresql-42.2.5.jar ru.gb.zettroman.hiber.crud.ClientApp
сент. 18, 2020 9:43:35 PM org.hibernate.Version logVersion
INFO: HHH000412: Hibernate Core {5.4.4.Final}
сент. 18, 2020 9:43:37 PM org.hibernate.annotations.common.reflection.java.JavaReflectionManager <clinit>
INFO: HCANN000001: Hibernate Commons Annotations {5.1.0.Final}
сент. 18, 2020 9:43:38 PM org.hibernate.engine.jdbc.connections.internal.DriverManagerConnectionProviderImpl configure
WARN: HHH10001002: Using Hibernate built-in connection pool (not for production use!)
сент. 18, 2020 9:43:38 PM org.hibernate.engine.jdbc.connections.internal.DriverManagerConnectionProviderImpl buildCreator
INFO: HHH10001005: using driver [org.postgresql.Driver] at URL [jdbc:postgresql://localhost:5432/postgres?currentSchema=hiber_z]
сент. 18, 2020 9:43:38 PM org.hibernate.engine.jdbc.connections.internal.DriverManagerConnectionProviderImpl buildCreator
INFO: HHH10001001: Connection properties: {password=****, user=postgres}
сент. 18, 2020 9:43:38 PM org.hibernate.engine.jdbc.connections.internal.DriverManagerConnectionProviderImpl buildCreator
INFO: HHH10001003: Autocommit mode: false
сент. 18, 2020 9:43:38 PM org.hibernate.engine.jdbc.connections.internal.DriverManagerConnectionProviderImpl$PooledConnections <init>
INFO: HHH000115: Hibernate connection pool size: 8 (min=1)
сент. 18, 2020 9:43:38 PM org.hibernate.dialect.Dialect <init>
INFO: HHH000400: Using dialect: org.hibernate.dialect.PostgreSQL94Dialect
---------------------------------------
Products bought by Bruce Willis are:
Product: Milk 	 Price: 45 	 Quantity: 4 	  Total cost: 180
---------------------------------------
Products bought by Tom Cruise are:
Product: Sugar 	 Price: 60 	 Quantity: 2 	  Total cost: 120
Product: Sugar 	 Price: 60 	 Quantity: 5 	  Total cost: 300
Product: Potatoes 	 Price: 75 	 Quantity: 1 	  Total cost: 75
Product: Onion 	 Price: 35 	 Quantity: 1 	  Total cost: 35
---------------------------------------
Products bought by Benedict Cumberbatch are:
Product: Juice 	 Price: 50 	 Quantity: 3 	  Total cost: 150
Product: Onion 	 Price: 35 	 Quantity: 4 	  Total cost: 140
---------------------------------------
Products bought by Daniel Radcliffe are:
Product: Sugar 	 Price: 60 	 Quantity: 3 	  Total cost: 180
---------------------------------------
Products bought by Christian Bale are:
Product: Cheese 	 Price: 160 	 Quantity: 2 	  Total cost: 320
---------------------------------------
Products bought by Tim Roth are:
Product: Ham 	 Price: 145 	 Quantity: 3 	  Total cost: 435
Product: Juice 	 Price: 50 	 Quantity: 4 	  Total cost: 200
Product: Onion 	 Price: 35 	 Quantity: 5 	  Total cost: 175
---------------------------------------
Products bought by Tom Hardy are:
Product: Milk 	 Price: 45 	 Quantity: 4 	  Total cost: 180
Product: Cheese 	 Price: 160 	 Quantity: 2 	  Total cost: 320
Product: Salt 	 Price: 15 	 Quantity: 1 	  Total cost: 15
---------------------------------------
Products bought by Sean Penn are:
Product: Bread 	 Price: 30 	 Quantity: 5 	  Total cost: 150
---------------------------------------
Products bought by Edward Norton are:
Product: Milk 	 Price: 45 	 Quantity: 1 	  Total cost: 45
Product: Bread 	 Price: 30 	 Quantity: 4 	  Total cost: 120
Product: Salt 	 Price: 15 	 Quantity: 5 	  Total cost: 75
---------------------------------------
Products bought by Elijah Wood are:
Product: Potatoes 	 Price: 75 	 Quantity: 2 	  Total cost: 150
сент. 18, 2020 9:43:41 PM org.hibernate.engine.jdbc.spi.SqlExceptionHelper logExceptions
WARN: SQL Error: 0, SQLState: 23503
сент. 18, 2020 9:43:41 PM org.hibernate.engine.jdbc.spi.SqlExceptionHelper logExceptions
ERROR: ОШИБКА: UPDATE или DELETE в таблице "products" нарушает ограничение внешнего ключа "products_fk" таблицы "purchases"
  Подробности: На ключ (id)=(1) всё ещё есть ссылки в таблице "purchases".
сент. 18, 2020 9:43:41 PM org.hibernate.engine.jdbc.batch.internal.AbstractBatchImpl release
INFO: HHH000010: On release of batch it still contained JDBC statements
сент. 18, 2020 9:43:41 PM org.hibernate.engine.jdbc.spi.SqlExceptionHelper logExceptions
WARN: SQL Error: 0, SQLState: 23503
сент. 18, 2020 9:43:41 PM org.hibernate.engine.jdbc.spi.SqlExceptionHelper logExceptions
ERROR: ОШИБКА: UPDATE или DELETE в таблице "products" нарушает ограничение внешнего ключа "products_fk" таблицы "purchases"
  Подробности: На ключ (id)=(2) всё ещё есть ссылки в таблице "purchases".
сент. 18, 2020 9:43:41 PM org.hibernate.engine.jdbc.batch.internal.AbstractBatchImpl release
INFO: HHH000010: On release of batch it still contained JDBC statements
Error occurred while removing product with Id = 1
Error occurred while removing product with Id = 2
сент. 18, 2020 9:43:41 PM org.hibernate.engine.jdbc.spi.SqlExceptionHelper logExceptions
WARN: SQL Error: 0, SQLState: 23503
сент. 18, 2020 9:43:41 PM org.hibernate.engine.jdbc.spi.SqlExceptionHelper logExceptions
ERROR: ОШИБКА: UPDATE или DELETE в таблице "products" нарушает ограничение внешнего ключа "products_fk" таблицы "purchases"
  Подробности: На ключ (id)=(4) всё ещё есть ссылки в таблице "purchases".
сент. 18, 2020 9:43:41 PM org.hibernate.engine.jdbc.batch.internal.AbstractBatchImpl release
INFO: HHH000010: On release of batch it still contained JDBC statements
сент. 18, 2020 9:43:41 PM org.hibernate.engine.jdbc.spi.SqlExceptionHelper logExceptions
WARN: SQL Error: 0, SQLState: 23503
сент. 18, 2020 9:43:41 PM org.hibernate.engine.jdbc.spi.SqlExceptionHelper logExceptions
ERROR: ОШИБКА: UPDATE или DELETE в таблице "products" нарушает ограничение внешнего ключа "products_fk" таблицы "purchases"
  Подробности: На ключ (id)=(5) всё ещё есть ссылки в таблице "purchases".
сент. 18, 2020 9:43:41 PM org.hibernate.engine.jdbc.batch.internal.AbstractBatchImpl release
INFO: HHH000010: On release of batch it still contained JDBC statements
Error occurred while removing product with Id = 4
Error occurred while removing product with Id = 5
Error occurred while removing product with Id = 6
сент. 18, 2020 9:43:41 PM org.hibernate.engine.jdbc.spi.SqlExceptionHelper logExceptions
WARN: SQL Error: 0, SQLState: 23503
сент. 18, 2020 9:43:41 PM org.hibernate.engine.jdbc.spi.SqlExceptionHelper logExceptions
ERROR: ОШИБКА: UPDATE или DELETE в таблице "products" нарушает ограничение внешнего ключа "products_fk" таблицы "purchases"
  Подробности: На ключ (id)=(6) всё ещё есть ссылки в таблице "purchases".
сент. 18, 2020 9:43:41 PM org.hibernate.engine.jdbc.batch.internal.AbstractBatchImpl release
INFO: HHH000010: On release of batch it still contained JDBC statements
сент. 18, 2020 9:43:41 PM org.hibernate.engine.jdbc.spi.SqlExceptionHelper logExceptions
WARN: SQL Error: 0, SQLState: 23503
сент. 18, 2020 9:43:41 PM org.hibernate.engine.jdbc.spi.SqlExceptionHelper logExceptions
ERROR: ОШИБКА: UPDATE или DELETE в таблице "products" нарушает ограничение внешнего ключа "products_fk" таблицы "purchases"
  Подробности: На ключ (id)=(7) всё ещё есть ссылки в таблице "purchases".
сент. 18, 2020 9:43:41 PM org.hibernate.engine.jdbc.batch.internal.AbstractBatchImpl release
INFO: HHH000010: On release of batch it still contained JDBC statements
сент. 18, 2020 9:43:41 PM org.hibernate.engine.jdbc.spi.SqlExceptionHelper logExceptions
WARN: SQL Error: 0, SQLState: 23503
сент. 18, 2020 9:43:41 PM org.hibernate.engine.jdbc.spi.SqlExceptionHelper logExceptions
ERROR: ОШИБКА: UPDATE или DELETE в таблице "products" нарушает ограничение внешнего ключа "products_fk" таблицы "purchases"
  Подробности: На ключ (id)=(8) всё ещё есть ссылки в таблице "purchases".
сент. 18, 2020 9:43:41 PM org.hibernate.engine.jdbc.batch.internal.AbstractBatchImpl release
INFO: HHH000010: On release of batch it still contained JDBC statements
Error occurred while removing product with Id = 7
Error occurred while removing product with Id = 8
Error occurred while removing product with Id = 9
сент. 18, 2020 9:43:41 PM org.hibernate.engine.jdbc.spi.SqlExceptionHelper logExceptions
WARN: SQL Error: 0, SQLState: 23503
сент. 18, 2020 9:43:41 PM org.hibernate.engine.jdbc.spi.SqlExceptionHelper logExceptions
ERROR: ОШИБКА: UPDATE или DELETE в таблице "products" нарушает ограничение внешнего ключа "products_fk" таблицы "purchases"
  Подробности: На ключ (id)=(9) всё ещё есть ссылки в таблице "purchases".
сент. 18, 2020 9:43:41 PM org.hibernate.engine.jdbc.batch.internal.AbstractBatchImpl release
INFO: HHH000010: On release of batch it still contained JDBC statements
---------------------------------------
Products bought by Bruce Willis are:
Product: Milk 	 Price: 45 	 Quantity: 4 	  Total cost: 180
---------------------------------------
Products bought by Tom Cruise are:
Product: Sugar 	 Price: 60 	 Quantity: 2 	  Total cost: 120
Product: Sugar 	 Price: 60 	 Quantity: 5 	  Total cost: 300
Product: Potatoes 	 Price: 75 	 Quantity: 1 	  Total cost: 75
Product: Onion 	 Price: 35 	 Quantity: 1 	  Total cost: 35
---------------------------------------
Customer with Id = 3 doesn't exist or error occurred while retrieving customer info
---------------------------------------
Products bought by Daniel Radcliffe are:
Product: Sugar 	 Price: 60 	 Quantity: 3 	  Total cost: 180
---------------------------------------
Customer with Id = 5 doesn't exist or error occurred while retrieving customer info
---------------------------------------
Products bought by Tim Roth are:
Product: Ham 	 Price: 145 	 Quantity: 3 	  Total cost: 435
Product: Juice 	 Price: 50 	 Quantity: 4 	  Total cost: 200
Product: Onion 	 Price: 35 	 Quantity: 5 	  Total cost: 175
---------------------------------------
Products bought by Tom Hardy are:
Product: Milk 	 Price: 45 	 Quantity: 4 	  Total cost: 180
Product: Cheese 	 Price: 160 	 Quantity: 2 	  Total cost: 320
Product: Salt 	 Price: 15 	 Quantity: 1 	  Total cost: 15
---------------------------------------
Customer with Id = 8 doesn't exist or error occurred while retrieving customer info
---------------------------------------
Products bought by Edward Norton are:
Product: Milk 	 Price: 45 	 Quantity: 1 	  Total cost: 45
Product: Bread 	 Price: 30 	 Quantity: 4 	  Total cost: 120
Product: Salt 	 Price: 15 	 Quantity: 5 	  Total cost: 75
---------------------------------------
Products bought by Elijah Wood are:
Product: Potatoes 	 Price: 75 	 Quantity: 2 	  Total cost: 150
сент. 18, 2020 9:43:41 PM org.hibernate.engine.jdbc.connections.internal.DriverManagerConnectionProviderImpl$PoolState stop
INFO: HHH10001008: Cleaning up connection pool [jdbc:postgresql://localhost:5432/postgres?currentSchema=hiber_z]

Process finished with exit code 0
